<?xml version="1.0" encoding="UTF-8"?>
<!-- Generated by org.testng.reporters.JUnitReportReporter -->
<testsuite hostname="DESKTOP-FCFEV9J" failures="0" tests="4" name="api.test.UserTests2" time="13.331" errors="0" timestamp="2023-11-24T05:43:47 IST" skipped="0">
  <testcase classname="api.test.UserTests2" name="testPostUser" time="7.454"/>
  <system-out/>
  <testcase classname="api.test.UserTests2" name="testGetUserByName" time="1.357"/>
  <system-out/>
  <testcase classname="api.test.UserTests2" name="testUpdateUserByName" time="3.045"/>
  <system-out/>
  <testcase classname="api.test.UserTests2" name="testDeleteUserByName" time="1.475"/>
  <system-out/>
</testsuite> <!-- api.test.UserTests2 -->
