<?xml version="1.0" encoding="UTF-8"?>
<!-- Generated by org.testng.reporters.JUnitReportReporter -->
<testsuite hostname="DESKTOP-FCFEV9J" failures="0" tests="6" name="api.test.DDTests" time="71.321" errors="0" timestamp="2023-11-24T05:24:46 IST" skipped="0">
  <testcase classname="api.test.DDTests" name="testPostuser" time="1.100"/>
  <system-out/>
  <testcase classname="api.test.DDTests" name="testPostuser" time="2.840"/>
  <system-out/>
  <testcase classname="api.test.DDTests" name="testPostuser" time="22.095"/>
  <system-out/>
  <testcase classname="api.test.DDTests" name="testDeleteUserByName" time="22.121"/>
  <system-out/>
  <testcase classname="api.test.DDTests" name="testDeleteUserByName" time="1.038"/>
  <system-out/>
  <testcase classname="api.test.DDTests" name="testDeleteUserByName" time="22.127"/>
  <system-out/>
</testsuite> <!-- api.test.DDTests -->
