<?xml version="1.0" encoding="UTF-8"?>
<!-- Generated by org.testng.reporters.JUnitReportReporter -->
<testsuite hostname="DESKTOP-FCFEV9J" failures="0" tests="4" name="api.test.UserTests2" time="16.598" errors="0" timestamp="2023-11-24T13:47:01 IST" skipped="0">
  <testcase classname="api.test.UserTests2" name="testPostUser" time="4.064"/>
  <system-out/>
  <testcase classname="api.test.UserTests2" name="testGetUserByName" time="2.201"/>
  <system-out/>
  <testcase classname="api.test.UserTests2" name="testUpdateUserByName" time="7.800"/>
  <system-out/>
  <testcase classname="api.test.UserTests2" name="testDeleteUserByName" time="2.533"/>
  <system-out/>
</testsuite> <!-- api.test.UserTests2 -->
